  Proyecto2IAMaxAlfredo.cpp
C:\Repositories\IAProyecto2Grupal\Proyecto2IAMaxAlfredo\Proyecto2IAMaxAlfredo\Graph.h(171,2): warning C4018: '<': signed/unsigned mismatch
C:\Repositories\IAProyecto2Grupal\Proyecto2IAMaxAlfredo\Proyecto2IAMaxAlfredo\Graph.h(162): message : while compiling class template member function 'void Graph<int>::printBFS(void)'
C:\Repositories\IAProyecto2Grupal\Proyecto2IAMaxAlfredo\Proyecto2IAMaxAlfredo\Proyecto2IAMaxAlfredo.cpp(49): message : see reference to function template instantiation 'void Graph<int>::printBFS(void)' being compiled
C:\Repositories\IAProyecto2Grupal\Proyecto2IAMaxAlfredo\Proyecto2IAMaxAlfredo\Proyecto2IAMaxAlfredo.cpp(37): message : see reference to class template instantiation 'Graph<int>' being compiled
C:\Repositories\IAProyecto2Grupal\Proyecto2IAMaxAlfredo\Proyecto2IAMaxAlfredo\Graph.h(144,2): warning C4018: '<': signed/unsigned mismatch
C:\Repositories\IAProyecto2Grupal\Proyecto2IAMaxAlfredo\Proyecto2IAMaxAlfredo\Graph.h(138): message : while compiling class template member function 'GraphNode<T> *Graph<T>::searchPadre(GraphNode<T> *,T)'
          with
          [
              T=int
          ]
C:\Repositories\IAProyecto2Grupal\Proyecto2IAMaxAlfredo\Proyecto2IAMaxAlfredo\Graph.h(29): message : see reference to function template instantiation 'GraphNode<T> *Graph<T>::searchPadre(GraphNode<T> *,T)' being compiled
          with
          [
              T=int
          ]
C:\Repositories\IAProyecto2Grupal\Proyecto2IAMaxAlfredo\Proyecto2IAMaxAlfredo\Graph.h(117,2): warning C4018: '<': signed/unsigned mismatch
C:\Repositories\IAProyecto2Grupal\Proyecto2IAMaxAlfredo\Proyecto2IAMaxAlfredo\Graph.h(102): message : while compiling class template member function 'GraphNode<T> *Graph<T>::DSearch(T)'
          with
          [
              T=int
          ]
C:\Repositories\IAProyecto2Grupal\Proyecto2IAMaxAlfredo\Proyecto2IAMaxAlfredo\Graph.h(23): message : see reference to function template instantiation 'GraphNode<T> *Graph<T>::DSearch(T)' being compiled
          with
          [
              T=int
          ]
  Proyecto2IAMaxAlfredo.vcxproj -> C:\Repositories\IAProyecto2Grupal\Proyecto2IAMaxAlfredo\Debug\Proyecto2IAMaxAlfredo.exe
